<?xml version="1.0" encoding="utf-8"?><testsuites name="pytest tests"><testsuite name="pytest" errors="0" failures="0" skipped="0" tests="7" time="2.405" timestamp="2026-02-07T21:28:19.249183+00:00" hostname="agent-env-48612480-92e3-4274-a62a-7359d9843a5d"><testcase classname="backend.tests.test_crypto_buy_sell.TestCryptoBuySellFeature" name="test_login_works" time="0.290" /><testcase classname="backend.tests.test_crypto_buy_sell.TestCryptoBuySellFeature" name="test_fiat_accounts_exist" time="0.048" /><testcase classname="backend.tests.test_crypto_buy_sell.TestCryptoBuySellFeature" name="test_wallets_exist" time="0.044" /><testcase classname="backend.tests.test_crypto_buy_sell.TestCryptoBuySellFeature" name="test_crypto_buy_creates_fiat_debit_and_crypto_buy" time="0.858" /><testcase classname="backend.tests.test_crypto_buy_sell.TestCryptoBuySellFeature" name="test_crypto_sell_creates_fiat_credit_and_crypto_sell" time="0.838" /><testcase classname="backend.tests.test_crypto_buy_sell.TestCryptoBuySellFeature" name="test_crypto_buy_without_wallet_only_creates_fiat" time="0.134" /><testcase classname="backend.tests.test_crypto_buy_sell.TestCryptoBuySellFeature" name="test_regular_deposit_still_works" time="0.134" /></testsuite></testsuites>