<?xml version="1.0" encoding="utf-8"?><testsuites name="pytest tests"><testsuite name="pytest" errors="0" failures="0" skipped="0" tests="7" time="2.102" timestamp="2026-02-08T22:29:08.497020+00:00" hostname="agent-env-99e984da-b24f-494a-9297-241e40d008ff"><testcase classname="backend.tests.test_defi_positions.TestDeFiPositions" name="test_defi_positions_endpoint_returns_200" time="0.329" /><testcase classname="backend.tests.test_defi_positions.TestDeFiPositions" name="test_8lends_position_exists" time="0.271" /><testcase classname="backend.tests.test_defi_positions.TestDeFiPositions" name="test_8lnds_eur_value_calculation" time="0.266" /><testcase classname="backend.tests.test_defi_positions.TestDeFiPositions" name="test_usdc_position_in_8lends" time="0.272" /><testcase classname="backend.tests.test_defi_positions.TestDeFiPositions" name="test_total_rewards_eur_calculation" time="0.263" /><testcase classname="backend.tests.test_defi_positions.TestDeFiPositions" name="test_french_number_format_compatibility" time="0.313" /><testcase classname="backend.tests.test_defi_positions.TestDeFiPositionDetail" name="test_8lends_detail_endpoint" time="0.286" /></testsuite></testsuites>